2019-05-27 08:43:56.651 [restartedMain] INFO  priv.jesse.mall.MallApplication - Starting MallApplication on DESKTOP-3IPD6RO with PID 55516 (C:\Users\13578\Desktop\mall\target\classes started by 13578 in C:\Users\13578\Desktop\mall)
2019-05-27 08:43:56.662 [restartedMain] DEBUG priv.jesse.mall.MallApplication - Running with Spring Boot v1.5.8.RELEASE, Spring v4.3.12.RELEASE
2019-05-27 08:43:56.664 [restartedMain] INFO  priv.jesse.mall.MallApplication - No active profile set, falling back to default profiles: default
2019-05-27 08:44:00.287 [background-preinit] INFO  org.hibernate.validator.internal.util.Version - HV000001: Hibernate Validator 5.3.5.Final
2019-05-27 08:44:42.369 [restartedMain] INFO  org.apache.catalina.core.StandardService - Starting service [Tomcat]
2019-05-27 08:44:42.375 [restartedMain] INFO  org.apache.catalina.core.StandardEngine - Starting Servlet Engine: Apache Tomcat/8.5.23
2019-05-27 08:44:46.508 [localhost-startStop-1] INFO  org.apache.catalina.core.ContainerBase.[Tomcat].[localhost].[/mall] - Initializing Spring embedded WebApplicationContext
2019-05-27 08:45:03.855 [restartedMain] INFO  org.hibernate.jpa.internal.util.LogHelper - HHH000204: Processing PersistenceUnitInfo [
	name: default
	...]
2019-05-27 08:45:04.474 [restartedMain] INFO  org.hibernate.Version - HHH000412: Hibernate Core {5.0.12.Final}
2019-05-27 08:45:04.480 [restartedMain] INFO  org.hibernate.cfg.Environment - HHH000206: hibernate.properties not found
2019-05-27 08:45:04.486 [restartedMain] INFO  org.hibernate.cfg.Environment - HHH000021: Bytecode provider name : javassist
2019-05-27 08:45:04.804 [restartedMain] INFO  org.hibernate.annotations.common.Version - HCANN000001: Hibernate Commons Annotations {5.0.1.Final}
2019-05-27 08:45:09.187 [restartedMain] INFO  com.alibaba.druid.pool.DruidDataSource - {dataSource-1} inited
2019-05-27 08:45:09.407 [restartedMain] INFO  org.hibernate.dialect.Dialect - HHH000400: Using dialect: org.hibernate.dialect.MySQL5Dialect
2019-05-27 08:45:13.897 [restartedMain] INFO  org.hibernate.tool.hbm2ddl.SchemaUpdate - HHH000228: Running hbm2ddl schema update
2019-05-27 08:45:48.605 [restartedMain] INFO  org.apache.coyote.http11.Http11NioProtocol - Initializing ProtocolHandler ["http-nio-8081"]
2019-05-27 08:45:48.792 [restartedMain] INFO  org.apache.coyote.http11.Http11NioProtocol - Starting ProtocolHandler ["http-nio-8081"]
2019-05-27 08:45:48.896 [restartedMain] INFO  org.apache.tomcat.util.net.NioSelectorPool - Using a shared selector for servlet write/read
2019-05-27 08:45:49.120 [restartedMain] INFO  priv.jesse.mall.MallApplication - Started MallApplication in 115.78 seconds (JVM running for 132.017)
2019-05-27 08:46:21.481 [http-nio-8081-exec-3] INFO  org.apache.tomcat.util.http.parser.Cookie - A cookie header was received [1558837781; Hm_lpvt_b393d153aeb26b46e9431fabaf0f6190=1558852411] that contained an invalid cookie. That cookie will be ignored.Note: further occurrences of this error will be logged at DEBUG level.
2019-05-27 08:46:21.769 [http-nio-8081-exec-4] INFO  org.apache.catalina.core.ContainerBase.[Tomcat].[localhost].[/mall] - Initializing Spring FrameworkServlet 'dispatcherServlet'
2019-05-27 08:46:23.325 [http-nio-8081-exec-4] INFO  org.thymeleaf.TemplateEngine - [THYMELEAF] INITIALIZING TEMPLATE ENGINE
2019-05-27 08:46:23.912 [http-nio-8081-exec-4] INFO  org.thymeleaf.templateresolver.AbstractTemplateResolver - [THYMELEAF] INITIALIZING TEMPLATE RESOLVER: org.thymeleaf.spring4.templateresolver.SpringResourceTemplateResolver
2019-05-27 08:46:23.913 [http-nio-8081-exec-4] INFO  org.thymeleaf.templateresolver.AbstractTemplateResolver - [THYMELEAF] TEMPLATE RESOLVER INITIALIZED OK
2019-05-27 08:46:23.914 [http-nio-8081-exec-4] INFO  org.thymeleaf.messageresolver.AbstractMessageResolver - [THYMELEAF] INITIALIZING MESSAGE RESOLVER: org.thymeleaf.spring4.messageresolver.SpringMessageResolver
2019-05-27 08:46:23.914 [http-nio-8081-exec-4] INFO  org.thymeleaf.messageresolver.AbstractMessageResolver - [THYMELEAF] MESSAGE RESOLVER INITIALIZED OK
2019-05-27 08:46:23.932 [http-nio-8081-exec-4] INFO  org.thymeleaf.TemplateEngine.CONFIG - [THYMELEAF] TEMPLATE ENGINE CONFIGURATION:
[THYMELEAF] * Cache Factory implementation: org.thymeleaf.cache.StandardCacheManager
[THYMELEAF] * Template modes:
[THYMELEAF]     * XML
[THYMELEAF]     * VALIDXML
[THYMELEAF]     * HTML5
[THYMELEAF]     * XHTML
[THYMELEAF]     * VALIDXHTML
[THYMELEAF]     * LEGACYHTML5
[THYMELEAF] * Template resolvers (in order):
[THYMELEAF]     * org.thymeleaf.spring4.templateresolver.SpringResourceTemplateResolver
[THYMELEAF] * Message resolvers (in order):
[THYMELEAF]     * org.thymeleaf.spring4.messageresolver.SpringMessageResolver
[THYMELEAF] * Dialect [1 of 2]: org.thymeleaf.spring4.dialect.SpringStandardDialect
[THYMELEAF]     * Prefix: "th"
[THYMELEAF] * Dialect [2 of 2]: nz.net.ultraq.thymeleaf.LayoutDialect
[THYMELEAF]     * Prefix: "layout"
[THYMELEAF] TEMPLATE ENGINE CONFIGURED OK
2019-05-27 08:46:23.933 [http-nio-8081-exec-4] INFO  org.thymeleaf.TemplateEngine - [THYMELEAF] TEMPLATE ENGINE INITIALIZED
2019-05-27 08:46:29.241 [http-nio-8081-exec-3] INFO  org.hibernate.hql.internal.QueryTranslatorFactoryInitiator - HHH000397: Using ASTQueryTranslatorFactory
2019-05-27 15:24:10.316 [restartedMain] INFO  priv.jesse.mall.MallApplication - Starting MallApplication on DESKTOP-3IPD6RO with PID 6420 (C:\Users\13578\Desktop\mall\target\classes started by 13578 in C:\Users\13578\Desktop\mall)
2019-05-27 15:24:10.322 [restartedMain] DEBUG priv.jesse.mall.MallApplication - Running with Spring Boot v1.5.8.RELEASE, Spring v4.3.12.RELEASE
2019-05-27 15:24:10.322 [restartedMain] INFO  priv.jesse.mall.MallApplication - No active profile set, falling back to default profiles: default
2019-05-27 15:24:11.095 [background-preinit] INFO  org.hibernate.validator.internal.util.Version - HV000001: Hibernate Validator 5.3.5.Final
2019-05-27 15:24:20.976 [restartedMain] INFO  org.apache.catalina.core.StandardService - Starting service [Tomcat]
2019-05-27 15:24:20.978 [restartedMain] INFO  org.apache.catalina.core.StandardEngine - Starting Servlet Engine: Apache Tomcat/8.5.23
2019-05-27 15:24:21.327 [localhost-startStop-1] INFO  org.apache.catalina.core.ContainerBase.[Tomcat].[localhost].[/mall] - Initializing Spring embedded WebApplicationContext
2019-05-27 15:24:24.583 [restartedMain] INFO  org.hibernate.jpa.internal.util.LogHelper - HHH000204: Processing PersistenceUnitInfo [
	name: default
	...]
2019-05-27 15:24:24.737 [restartedMain] INFO  org.hibernate.Version - HHH000412: Hibernate Core {5.0.12.Final}
2019-05-27 15:24:24.743 [restartedMain] INFO  org.hibernate.cfg.Environment - HHH000206: hibernate.properties not found
2019-05-27 15:24:24.747 [restartedMain] INFO  org.hibernate.cfg.Environment - HHH000021: Bytecode provider name : javassist
2019-05-27 15:24:24.838 [restartedMain] INFO  org.hibernate.annotations.common.Version - HCANN000001: Hibernate Commons Annotations {5.0.1.Final}
2019-05-27 15:24:25.891 [restartedMain] INFO  com.alibaba.druid.pool.DruidDataSource - {dataSource-1} inited
2019-05-27 15:24:25.926 [restartedMain] INFO  org.hibernate.dialect.Dialect - HHH000400: Using dialect: org.hibernate.dialect.MySQL5Dialect
2019-05-27 15:24:26.790 [restartedMain] INFO  org.hibernate.tool.hbm2ddl.SchemaUpdate - HHH000228: Running hbm2ddl schema update
2019-05-27 15:24:33.889 [restartedMain] INFO  org.apache.coyote.http11.Http11NioProtocol - Initializing ProtocolHandler ["http-nio-8081"]
2019-05-27 15:24:33.916 [restartedMain] INFO  org.apache.coyote.http11.Http11NioProtocol - Starting ProtocolHandler ["http-nio-8081"]
2019-05-27 15:24:33.933 [restartedMain] INFO  org.apache.tomcat.util.net.NioSelectorPool - Using a shared selector for servlet write/read
2019-05-27 15:24:34.012 [restartedMain] INFO  priv.jesse.mall.MallApplication - Started MallApplication in 24.39 seconds (JVM running for 25.803)
2019-05-27 15:25:17.350 [http-nio-8081-exec-1] INFO  org.apache.tomcat.util.http.parser.Cookie - A cookie header was received [1558837781] that contained an invalid cookie. That cookie will be ignored.Note: further occurrences of this error will be logged at DEBUG level.
2019-05-27 15:25:17.382 [http-nio-8081-exec-2] INFO  org.apache.catalina.core.ContainerBase.[Tomcat].[localhost].[/mall] - Initializing Spring FrameworkServlet 'dispatcherServlet'
2019-05-27 15:25:17.745 [http-nio-8081-exec-2] INFO  org.thymeleaf.TemplateEngine - [THYMELEAF] INITIALIZING TEMPLATE ENGINE
2019-05-27 15:25:17.941 [http-nio-8081-exec-2] INFO  org.thymeleaf.templateresolver.AbstractTemplateResolver - [THYMELEAF] INITIALIZING TEMPLATE RESOLVER: org.thymeleaf.spring4.templateresolver.SpringResourceTemplateResolver
2019-05-27 15:25:17.941 [http-nio-8081-exec-2] INFO  org.thymeleaf.templateresolver.AbstractTemplateResolver - [THYMELEAF] TEMPLATE RESOLVER INITIALIZED OK
2019-05-27 15:25:17.942 [http-nio-8081-exec-2] INFO  org.thymeleaf.messageresolver.AbstractMessageResolver - [THYMELEAF] INITIALIZING MESSAGE RESOLVER: org.thymeleaf.spring4.messageresolver.SpringMessageResolver
2019-05-27 15:25:17.942 [http-nio-8081-exec-2] INFO  org.thymeleaf.messageresolver.AbstractMessageResolver - [THYMELEAF] MESSAGE RESOLVER INITIALIZED OK
2019-05-27 15:25:17.969 [http-nio-8081-exec-2] INFO  org.thymeleaf.TemplateEngine.CONFIG - [THYMELEAF] TEMPLATE ENGINE CONFIGURATION:
[THYMELEAF] * Cache Factory implementation: org.thymeleaf.cache.StandardCacheManager
[THYMELEAF] * Template modes:
[THYMELEAF]     * XHTML
[THYMELEAF]     * VALIDXHTML
[THYMELEAF]     * HTML5
[THYMELEAF]     * LEGACYHTML5
[THYMELEAF]     * VALIDXML
[THYMELEAF]     * XML
[THYMELEAF] * Template resolvers (in order):
[THYMELEAF]     * org.thymeleaf.spring4.templateresolver.SpringResourceTemplateResolver
[THYMELEAF] * Message resolvers (in order):
[THYMELEAF]     * org.thymeleaf.spring4.messageresolver.SpringMessageResolver
[THYMELEAF] * Dialect [1 of 2]: org.thymeleaf.spring4.dialect.SpringStandardDialect
[THYMELEAF]     * Prefix: "th"
[THYMELEAF] * Dialect [2 of 2]: nz.net.ultraq.thymeleaf.LayoutDialect
[THYMELEAF]     * Prefix: "layout"
[THYMELEAF] TEMPLATE ENGINE CONFIGURED OK
2019-05-27 15:25:17.969 [http-nio-8081-exec-2] INFO  org.thymeleaf.TemplateEngine - [THYMELEAF] TEMPLATE ENGINE INITIALIZED
2019-05-27 15:25:20.139 [http-nio-8081-exec-10] INFO  org.hibernate.hql.internal.QueryTranslatorFactoryInitiator - HHH000397: Using ASTQueryTranslatorFactory
2019-05-27 16:24:15.619 [restartedMain] INFO  priv.jesse.mall.MallApplication - Starting MallApplication on DESKTOP-3IPD6RO with PID 14156 (C:\Users\13578\Desktop\mall\target\classes started by 13578 in C:\Users\13578\Desktop\mall)
2019-05-27 16:24:15.623 [restartedMain] DEBUG priv.jesse.mall.MallApplication - Running with Spring Boot v1.5.8.RELEASE, Spring v4.3.12.RELEASE
2019-05-27 16:24:15.623 [restartedMain] INFO  priv.jesse.mall.MallApplication - No active profile set, falling back to default profiles: default
2019-05-27 16:24:16.210 [background-preinit] INFO  org.hibernate.validator.internal.util.Version - HV000001: Hibernate Validator 5.3.5.Final
2019-05-27 16:24:26.176 [restartedMain] INFO  org.apache.catalina.core.StandardService - Starting service [Tomcat]
2019-05-27 16:24:26.178 [restartedMain] INFO  org.apache.catalina.core.StandardEngine - Starting Servlet Engine: Apache Tomcat/8.5.23
2019-05-27 16:24:26.537 [localhost-startStop-1] INFO  org.apache.catalina.core.ContainerBase.[Tomcat].[localhost].[/mall] - Initializing Spring embedded WebApplicationContext
2019-05-27 16:24:30.558 [restartedMain] INFO  org.hibernate.jpa.internal.util.LogHelper - HHH000204: Processing PersistenceUnitInfo [
	name: default
	...]
2019-05-27 16:24:30.900 [restartedMain] INFO  org.hibernate.Version - HHH000412: Hibernate Core {5.0.12.Final}
2019-05-27 16:24:30.904 [restartedMain] INFO  org.hibernate.cfg.Environment - HHH000206: hibernate.properties not found
2019-05-27 16:24:30.908 [restartedMain] INFO  org.hibernate.cfg.Environment - HHH000021: Bytecode provider name : javassist
2019-05-27 16:24:31.058 [restartedMain] INFO  org.hibernate.annotations.common.Version - HCANN000001: Hibernate Commons Annotations {5.0.1.Final}
2019-05-27 16:24:32.601 [restartedMain] INFO  com.alibaba.druid.pool.DruidDataSource - {dataSource-1} inited
2019-05-27 16:24:32.643 [restartedMain] INFO  org.hibernate.dialect.Dialect - HHH000400: Using dialect: org.hibernate.dialect.MySQL5Dialect
2019-05-27 16:24:33.547 [restartedMain] INFO  org.hibernate.tool.hbm2ddl.SchemaUpdate - HHH000228: Running hbm2ddl schema update
2019-05-27 16:24:38.038 [restartedMain] INFO  org.apache.coyote.http11.Http11NioProtocol - Initializing ProtocolHandler ["http-nio-8081"]
2019-05-27 16:24:38.060 [restartedMain] INFO  org.apache.coyote.http11.Http11NioProtocol - Starting ProtocolHandler ["http-nio-8081"]
2019-05-27 16:24:38.075 [restartedMain] INFO  org.apache.tomcat.util.net.NioSelectorPool - Using a shared selector for servlet write/read
2019-05-27 16:24:38.128 [restartedMain] INFO  priv.jesse.mall.MallApplication - Started MallApplication in 23.05 seconds (JVM running for 24.205)
2019-05-27 22:34:34.030 [Thread-7] WARN  org.springframework.beans.factory.support.DisposableBeanAdapter - Invocation of destroy method failed on bean with name 'classPathFileSystemWatcher': java.lang.NullPointerException
2019-05-27 22:34:34.198 [Thread-7] INFO  com.alibaba.druid.pool.DruidDataSource - {dataSource-1} closed
2019-05-27 22:34:36.932 [restartedMain] INFO  priv.jesse.mall.MallApplication - Starting MallApplication on DESKTOP-3IPD6RO with PID 14156 (C:\Users\13578\Desktop\mall\target\classes started by 13578 in C:\Users\13578\Desktop\mall)
2019-05-27 22:34:36.933 [restartedMain] DEBUG priv.jesse.mall.MallApplication - Running with Spring Boot v1.5.8.RELEASE, Spring v4.3.12.RELEASE
2019-05-27 22:34:36.933 [restartedMain] INFO  priv.jesse.mall.MallApplication - No active profile set, falling back to default profiles: default
2019-05-27 22:34:48.207 [restartedMain] INFO  org.apache.catalina.core.StandardService - Starting service [Tomcat]
2019-05-27 22:34:48.208 [restartedMain] INFO  org.apache.catalina.core.StandardEngine - Starting Servlet Engine: Apache Tomcat/8.5.23
2019-05-27 22:34:48.775 [localhost-startStop-1] INFO  org.apache.catalina.core.ContainerBase.[Tomcat].[localhost].[/mall] - Initializing Spring embedded WebApplicationContext
2019-05-27 22:34:56.322 [restartedMain] INFO  org.hibernate.jpa.internal.util.LogHelper - HHH000204: Processing PersistenceUnitInfo [
	name: default
	...]
2019-05-27 22:34:57.128 [restartedMain] INFO  com.alibaba.druid.pool.DruidDataSource - {dataSource-2} inited
2019-05-27 22:34:57.129 [restartedMain] INFO  org.hibernate.dialect.Dialect - HHH000400: Using dialect: org.hibernate.dialect.MySQL5Dialect
2019-05-27 22:34:57.491 [restartedMain] INFO  org.hibernate.tool.hbm2ddl.SchemaUpdate - HHH000228: Running hbm2ddl schema update
2019-05-27 22:35:02.748 [restartedMain] INFO  org.apache.coyote.http11.Http11NioProtocol - Initializing ProtocolHandler ["http-nio-8081"]
2019-05-27 22:35:02.749 [restartedMain] INFO  org.apache.coyote.http11.Http11NioProtocol - Starting ProtocolHandler ["http-nio-8081"]
2019-05-27 22:35:02.755 [restartedMain] INFO  org.apache.tomcat.util.net.NioSelectorPool - Using a shared selector for servlet write/read
2019-05-27 22:35:02.794 [restartedMain] INFO  priv.jesse.mall.MallApplication - Started MallApplication in 26.427 seconds (JVM running for 22248.871)
2019-05-27 22:48:04.255 [Thread-11] WARN  org.springframework.beans.factory.support.DisposableBeanAdapter - Invocation of destroy method failed on bean with name 'classPathFileSystemWatcher': java.lang.NullPointerException
2019-05-27 22:48:04.278 [Thread-11] INFO  com.alibaba.druid.pool.DruidDataSource - {dataSource-2} closed
2019-05-27 22:48:06.223 [restartedMain] INFO  priv.jesse.mall.MallApplication - Starting MallApplication on DESKTOP-3IPD6RO with PID 14156 (C:\Users\13578\Desktop\mall\target\classes started by 13578 in C:\Users\13578\Desktop\mall)
2019-05-27 22:48:06.224 [restartedMain] DEBUG priv.jesse.mall.MallApplication - Running with Spring Boot v1.5.8.RELEASE, Spring v4.3.12.RELEASE
2019-05-27 22:48:06.224 [restartedMain] INFO  priv.jesse.mall.MallApplication - No active profile set, falling back to default profiles: default
2019-05-27 22:48:09.759 [restartedMain] INFO  org.apache.catalina.core.StandardService - Starting service [Tomcat]
2019-05-27 22:48:09.760 [restartedMain] INFO  org.apache.catalina.core.StandardEngine - Starting Servlet Engine: Apache Tomcat/8.5.23
2019-05-27 22:48:09.853 [localhost-startStop-1] INFO  org.apache.catalina.core.ContainerBase.[Tomcat].[localhost].[/mall] - Initializing Spring embedded WebApplicationContext
2019-05-27 22:48:46.626 [main] INFO  priv.jesse.mall.MallApplicationTests - Starting MallApplicationTests on DESKTOP-3IPD6RO with PID 14820 (started by 13578 in C:\Users\13578\Desktop\mall)
2019-05-27 22:48:46.634 [main] DEBUG priv.jesse.mall.MallApplicationTests - Running with Spring Boot v1.5.8.RELEASE, Spring v4.3.12.RELEASE
2019-05-27 22:48:46.634 [main] INFO  priv.jesse.mall.MallApplicationTests - No active profile set, falling back to default profiles: default
2019-05-27 22:48:47.499 [background-preinit] INFO  org.hibernate.validator.internal.util.Version - HV000001: Hibernate Validator 5.3.5.Final
2019-05-27 22:48:54.769 [main] INFO  org.hibernate.jpa.internal.util.LogHelper - HHH000204: Processing PersistenceUnitInfo [
	name: default
	...]
2019-05-27 22:48:55.096 [main] INFO  org.hibernate.Version - HHH000412: Hibernate Core {5.0.12.Final}
2019-05-27 22:48:55.103 [main] INFO  org.hibernate.cfg.Environment - HHH000206: hibernate.properties not found
2019-05-27 22:48:55.112 [main] INFO  org.hibernate.cfg.Environment - HHH000021: Bytecode provider name : javassist
2019-05-27 22:48:55.462 [main] INFO  org.hibernate.annotations.common.Version - HCANN000001: Hibernate Commons Annotations {5.0.1.Final}
2019-05-27 22:48:56.730 [main] INFO  com.alibaba.druid.pool.DruidDataSource - {dataSource-1} inited
2019-05-27 22:48:56.784 [main] INFO  org.hibernate.dialect.Dialect - HHH000400: Using dialect: org.hibernate.dialect.MySQL5Dialect
2019-05-27 22:49:03.204 [main] INFO  org.hibernate.tool.hbm2ddl.SchemaUpdate - HHH000228: Running hbm2ddl schema update
2019-05-27 22:49:10.173 [main] INFO  priv.jesse.mall.MallApplicationTests - Started MallApplicationTests in 24.162 seconds (JVM running for 25.782)
2019-05-27 22:49:10.370 [Thread-4] INFO  com.alibaba.druid.pool.DruidDataSource - {dataSource-1} closed
2019-05-27 23:17:38.438 [main] INFO  priv.jesse.mall.MallApplicationTests - Starting MallApplicationTests on DESKTOP-3IPD6RO with PID 17788 (started by 13578 in C:\Users\13578\Desktop\mall)
2019-05-27 23:17:38.445 [main] DEBUG priv.jesse.mall.MallApplicationTests - Running with Spring Boot v1.5.8.RELEASE, Spring v4.3.12.RELEASE
2019-05-27 23:17:38.446 [main] INFO  priv.jesse.mall.MallApplicationTests - No active profile set, falling back to default profiles: default
2019-05-27 23:17:39.869 [background-preinit] INFO  org.hibernate.validator.internal.util.Version - HV000001: Hibernate Validator 5.3.5.Final
2019-05-27 23:17:50.734 [main] INFO  org.hibernate.jpa.internal.util.LogHelper - HHH000204: Processing PersistenceUnitInfo [
	name: default
	...]
2019-05-27 23:17:50.942 [main] INFO  org.hibernate.Version - HHH000412: Hibernate Core {5.0.12.Final}
2019-05-27 23:17:50.950 [main] INFO  org.hibernate.cfg.Environment - HHH000206: hibernate.properties not found
2019-05-27 23:17:50.954 [main] INFO  org.hibernate.cfg.Environment - HHH000021: Bytecode provider name : javassist
2019-05-27 23:17:51.086 [main] INFO  org.hibernate.annotations.common.Version - HCANN000001: Hibernate Commons Annotations {5.0.1.Final}
2019-05-27 23:17:52.190 [main] INFO  com.alibaba.druid.pool.DruidDataSource - {dataSource-1} inited
2019-05-27 23:17:52.260 [main] INFO  org.hibernate.dialect.Dialect - HHH000400: Using dialect: org.hibernate.dialect.MySQL5Dialect
2019-05-27 23:17:59.006 [main] INFO  org.hibernate.tool.hbm2ddl.SchemaUpdate - HHH000228: Running hbm2ddl schema update
2019-05-27 23:18:10.972 [main] INFO  priv.jesse.mall.MallApplicationTests - Started MallApplicationTests in 33.796 seconds (JVM running for 36.517)
2019-05-27 23:18:11.848 [Thread-4] INFO  com.alibaba.druid.pool.DruidDataSource - {dataSource-1} closed
2019-05-27 23:23:05.370 [restartedMain] INFO  priv.jesse.mall.MallApplication - Starting MallApplication on DESKTOP-3IPD6RO with PID 10256 (C:\Users\13578\Desktop\mall\target\classes started by 13578 in C:\Users\13578\Desktop\mall)
2019-05-27 23:23:05.376 [restartedMain] DEBUG priv.jesse.mall.MallApplication - Running with Spring Boot v1.5.8.RELEASE, Spring v4.3.12.RELEASE
2019-05-27 23:23:05.377 [restartedMain] INFO  priv.jesse.mall.MallApplication - No active profile set, falling back to default profiles: default
2019-05-27 23:23:06.250 [background-preinit] INFO  org.hibernate.validator.internal.util.Version - HV000001: Hibernate Validator 5.3.5.Final
2019-05-27 23:23:19.621 [restartedMain] INFO  org.apache.catalina.core.StandardService - Starting service [Tomcat]
2019-05-27 23:23:19.623 [restartedMain] INFO  org.apache.catalina.core.StandardEngine - Starting Servlet Engine: Apache Tomcat/8.5.23
2019-05-27 23:23:20.094 [localhost-startStop-1] INFO  org.apache.catalina.core.ContainerBase.[Tomcat].[localhost].[/mall] - Initializing Spring embedded WebApplicationContext
2019-05-27 23:23:24.336 [restartedMain] INFO  org.hibernate.jpa.internal.util.LogHelper - HHH000204: Processing PersistenceUnitInfo [
	name: default
	...]
2019-05-27 23:23:24.536 [restartedMain] INFO  org.hibernate.Version - HHH000412: Hibernate Core {5.0.12.Final}
2019-05-27 23:23:24.540 [restartedMain] INFO  org.hibernate.cfg.Environment - HHH000206: hibernate.properties not found
2019-05-27 23:23:24.544 [restartedMain] INFO  org.hibernate.cfg.Environment - HHH000021: Bytecode provider name : javassist
2019-05-27 23:23:24.658 [restartedMain] INFO  org.hibernate.annotations.common.Version - HCANN000001: Hibernate Commons Annotations {5.0.1.Final}
2019-05-27 23:23:25.537 [restartedMain] INFO  com.alibaba.druid.pool.DruidDataSource - {dataSource-1} inited
2019-05-27 23:23:25.570 [restartedMain] INFO  org.hibernate.dialect.Dialect - HHH000400: Using dialect: org.hibernate.dialect.MySQL5Dialect
2019-05-27 23:23:26.646 [restartedMain] INFO  org.hibernate.tool.hbm2ddl.SchemaUpdate - HHH000228: Running hbm2ddl schema update
2019-05-27 23:23:34.379 [restartedMain] INFO  org.apache.coyote.http11.Http11NioProtocol - Initializing ProtocolHandler ["http-nio-8081"]
2019-05-27 23:23:34.497 [restartedMain] INFO  org.apache.coyote.http11.Http11NioProtocol - Starting ProtocolHandler ["http-nio-8081"]
2019-05-27 23:23:34.539 [restartedMain] INFO  org.apache.tomcat.util.net.NioSelectorPool - Using a shared selector for servlet write/read
2019-05-27 23:23:34.659 [restartedMain] INFO  priv.jesse.mall.MallApplication - Started MallApplication in 30.007 seconds (JVM running for 31.763)
2019-05-27 23:24:08.410 [main] INFO  priv.jesse.mall.MallApplicationTests - Starting MallApplicationTests on DESKTOP-3IPD6RO with PID 10840 (started by 13578 in C:\Users\13578\Desktop\mall)
2019-05-27 23:24:08.418 [main] DEBUG priv.jesse.mall.MallApplicationTests - Running with Spring Boot v1.5.8.RELEASE, Spring v4.3.12.RELEASE
2019-05-27 23:24:08.419 [main] INFO  priv.jesse.mall.MallApplicationTests - No active profile set, falling back to default profiles: default
2019-05-27 23:24:09.416 [background-preinit] INFO  org.hibernate.validator.internal.util.Version - HV000001: Hibernate Validator 5.3.5.Final
2019-05-27 23:24:19.980 [main] INFO  org.hibernate.jpa.internal.util.LogHelper - HHH000204: Processing PersistenceUnitInfo [
	name: default
	...]
2019-05-27 23:24:20.333 [main] INFO  org.hibernate.Version - HHH000412: Hibernate Core {5.0.12.Final}
2019-05-27 23:24:20.352 [main] INFO  org.hibernate.cfg.Environment - HHH000206: hibernate.properties not found
2019-05-27 23:24:20.361 [main] INFO  org.hibernate.cfg.Environment - HHH000021: Bytecode provider name : javassist
2019-05-27 23:24:20.678 [main] INFO  org.hibernate.annotations.common.Version - HCANN000001: Hibernate Commons Annotations {5.0.1.Final}
2019-05-27 23:24:21.943 [main] INFO  com.alibaba.druid.pool.DruidDataSource - {dataSource-1} inited
2019-05-27 23:24:21.999 [main] INFO  org.hibernate.dialect.Dialect - HHH000400: Using dialect: org.hibernate.dialect.MySQL5Dialect
2019-05-27 23:24:28.560 [main] INFO  org.hibernate.tool.hbm2ddl.SchemaUpdate - HHH000228: Running hbm2ddl schema update
2019-05-27 23:24:38.395 [main] INFO  priv.jesse.mall.MallApplicationTests - Started MallApplicationTests in 31.026 seconds (JVM running for 34.495)
2019-05-27 23:24:38.640 [Thread-4] INFO  com.alibaba.druid.pool.DruidDataSource - {dataSource-1} closed
